<?xml version="1.0" encoding="UTF-8"?>
<coverage generated="1693427750">
  <project timestamp="1693427750">
    <file name="/var/www/packages/laravel-serializer/src/Attribute/AbstractSerializeAttribute.php">
      <class name="Gianfriaur\Serializer\Attribute\AbstractSerializeAttribute" namespace="global">
        <metrics complexity="5" methods="3" coveredmethods="3" conditionals="0" coveredconditionals="0" statements="5" coveredstatements="5" elements="8" coveredelements="8"/>
      </class>
      <line num="10" type="method" name="__construct" visibility="public" complexity="1" crap="1" count="30"/>
      <line num="16" type="stmt" count="30"/>
      <line num="22" type="method" name="hasParameter" visibility="private" complexity="1" crap="1" count="26"/>
      <line num="24" type="stmt" count="26"/>
      <line num="27" type="method" name="hasParametersOrThrowException" visibility="protected" complexity="3" crap="3" count="30"/>
      <line num="29" type="stmt" count="30"/>
      <line num="30" type="stmt" count="26"/>
      <line num="31" type="stmt" count="7"/>
      <metrics loc="36" ncloc="35" classes="1" methods="3" coveredmethods="3" conditionals="0" coveredconditionals="0" statements="5" coveredstatements="5" elements="8" coveredelements="8"/>
    </file>
    <file name="/var/www/packages/laravel-serializer/src/Attribute/Get.php">
      <class name="Gianfriaur\Serializer\Attribute\Get" namespace="global">
        <metrics complexity="4" methods="3" coveredmethods="3" conditionals="0" coveredconditionals="0" statements="13" coveredstatements="13" elements="16" coveredelements="16"/>
      </class>
      <line num="11" type="method" name="__construct" visibility="public" complexity="1" crap="1" count="8"/>
      <line num="18" type="stmt" count="8"/>
      <line num="21" type="method" name="injectMetadata" visibility="public" complexity="2" crap="2" count="7"/>
      <line num="23" type="stmt" count="7"/>
      <line num="25" type="stmt" count="7"/>
      <line num="26" type="stmt" count="7"/>
      <line num="27" type="stmt" count="7"/>
      <line num="28" type="stmt" count="7"/>
      <line num="29" type="stmt" count="7"/>
      <line num="30" type="stmt" count="7"/>
      <line num="31" type="stmt" count="7"/>
      <line num="32" type="stmt" count="7"/>
      <line num="35" type="stmt" count="7"/>
      <line num="41" type="method" name="validate" visibility="public" complexity="1" crap="1" count="8"/>
      <line num="43" type="stmt" count="8"/>
      <line num="44" type="stmt" count="7"/>
      <metrics loc="46" ncloc="42" classes="1" methods="3" coveredmethods="3" conditionals="0" coveredconditionals="0" statements="13" coveredstatements="13" elements="16" coveredelements="16"/>
    </file>
    <file name="/var/www/packages/laravel-serializer/src/Attribute/GetThrough.php">
      <class name="Gianfriaur\Serializer\Attribute\GetThrough" namespace="global">
        <metrics complexity="4" methods="3" coveredmethods="3" conditionals="0" coveredconditionals="0" statements="13" coveredstatements="13" elements="16" coveredelements="16"/>
      </class>
      <line num="11" type="method" name="__construct" visibility="public" complexity="1" crap="1" count="4"/>
      <line num="19" type="stmt" count="4"/>
      <line num="22" type="method" name="injectMetadata" visibility="public" complexity="2" crap="2" count="3"/>
      <line num="24" type="stmt" count="3"/>
      <line num="26" type="stmt" count="3"/>
      <line num="27" type="stmt" count="3"/>
      <line num="28" type="stmt" count="3"/>
      <line num="29" type="stmt" count="3"/>
      <line num="30" type="stmt" count="3"/>
      <line num="31" type="stmt" count="3"/>
      <line num="32" type="stmt" count="3"/>
      <line num="33" type="stmt" count="3"/>
      <line num="36" type="stmt" count="3"/>
      <line num="42" type="method" name="validate" visibility="public" complexity="1" crap="1" count="4"/>
      <line num="44" type="stmt" count="4"/>
      <line num="45" type="stmt" count="3"/>
      <metrics loc="47" ncloc="43" classes="1" methods="3" coveredmethods="3" conditionals="0" coveredconditionals="0" statements="13" coveredstatements="13" elements="16" coveredelements="16"/>
    </file>
    <file name="/var/www/packages/laravel-serializer/src/Attribute/Group.php">
      <class name="Gianfriaur\Serializer\Attribute\Group" namespace="global">
        <metrics complexity="31" methods="4" coveredmethods="3" conditionals="0" coveredconditionals="0" statements="51" coveredstatements="48" elements="55" coveredelements="51"/>
      </class>
      <line num="10" type="method" name="__construct" visibility="public" complexity="1" crap="1" count="9"/>
      <line num="15" type="stmt" count="9"/>
      <line num="18" type="method" name="metadataMergeRecursive" visibility="protected" complexity="12" crap="12.95" count="5"/>
      <line num="20" type="stmt" count="5"/>
      <line num="21" type="stmt" count="0"/>
      <line num="23" type="stmt" count="5"/>
      <line num="24" type="stmt" count="5"/>
      <line num="25" type="stmt" count="5"/>
      <line num="26" type="stmt" count="5"/>
      <line num="27" type="stmt" count="0"/>
      <line num="29" type="stmt" count="5"/>
      <line num="30" type="stmt" count="5"/>
      <line num="31" type="stmt" count="5"/>
      <line num="32" type="stmt" count="5"/>
      <line num="33" type="stmt" count="5"/>
      <line num="34" type="stmt" count="5"/>
      <line num="36" type="stmt" count="5"/>
      <line num="38" type="stmt" count="0"/>
      <line num="40" type="stmt" count="5"/>
      <line num="43" type="method" name="injectMetadata" visibility="public" complexity="17" crap="17" count="9"/>
      <line num="45" type="stmt" count="9"/>
      <line num="47" type="stmt" count="9"/>
      <line num="49" type="stmt" count="9"/>
      <line num="52" type="stmt" count="9"/>
      <line num="53" type="stmt" count="1"/>
      <line num="56" type="stmt" count="8"/>
      <line num="57" type="stmt" count="1"/>
      <line num="58" type="stmt" count="1"/>
      <line num="59" type="stmt" count="1"/>
      <line num="62" type="stmt" count="7"/>
      <line num="63" type="stmt" count="4"/>
      <line num="64" type="stmt" count="4"/>
      <line num="65" type="stmt" count="4"/>
      <line num="67" type="stmt" count="6"/>
      <line num="68" type="stmt" count="2"/>
      <line num="69" type="stmt" count="1"/>
      <line num="71" type="stmt" count="1"/>
      <line num="72" type="stmt" count="1"/>
      <line num="73" type="stmt" count="1"/>
      <line num="77" type="stmt" count="7"/>
      <line num="79" type="stmt" count="4"/>
      <line num="81" type="stmt" count="4"/>
      <line num="82" type="stmt" count="1"/>
      <line num="83" type="stmt" count="3"/>
      <line num="84" type="stmt" count="1"/>
      <line num="86" type="stmt" count="2"/>
      <line num="87" type="stmt" count="2"/>
      <line num="88" type="stmt" count="2"/>
      <line num="95" type="stmt" count="5"/>
      <line num="96" type="stmt" count="5"/>
      <line num="97" type="stmt" count="5"/>
      <line num="100" type="stmt" count="5"/>
      <line num="103" type="method" name="validate" visibility="public" complexity="1" crap="1" count="9"/>
      <line num="105" type="stmt" count="9"/>
      <line num="106" type="stmt" count="9"/>
      <metrics loc="109" ncloc="103" classes="1" methods="4" coveredmethods="3" conditionals="0" coveredconditionals="0" statements="51" coveredstatements="48" elements="55" coveredelements="51"/>
    </file>
    <file name="/var/www/packages/laravel-serializer/src/Attribute/Groups.php">
      <class name="Gianfriaur\Serializer\Attribute\Groups" namespace="global">
        <metrics complexity="4" methods="3" coveredmethods="3" conditionals="0" coveredconditionals="0" statements="13" coveredstatements="13" elements="16" coveredelements="16"/>
      </class>
      <line num="9" type="method" name="__construct" visibility="public" complexity="1" crap="1" count="4"/>
      <line num="15" type="stmt" count="4"/>
      <line num="17" type="method" name="injectMetadata" visibility="public" complexity="2" crap="2" count="3"/>
      <line num="19" type="stmt" count="3"/>
      <line num="21" type="stmt" count="3"/>
      <line num="22" type="stmt" count="3"/>
      <line num="23" type="stmt" count="3"/>
      <line num="24" type="stmt" count="3"/>
      <line num="25" type="stmt" count="3"/>
      <line num="26" type="stmt" count="3"/>
      <line num="27" type="stmt" count="3"/>
      <line num="28" type="stmt" count="3"/>
      <line num="30" type="stmt" count="3"/>
      <line num="33" type="method" name="validate" visibility="public" complexity="1" crap="1" count="4"/>
      <line num="35" type="stmt" count="4"/>
      <line num="36" type="stmt" count="3"/>
      <metrics loc="39" ncloc="38" classes="1" methods="3" coveredmethods="3" conditionals="0" coveredconditionals="0" statements="13" coveredstatements="13" elements="16" coveredelements="16"/>
    </file>
    <file name="/var/www/packages/laravel-serializer/src/Attribute/MetadataProvider.php">
      <class name="Gianfriaur\Serializer\Attribute\MetadataProvider" namespace="global">
        <metrics complexity="4" methods="3" coveredmethods="3" conditionals="0" coveredconditionals="0" statements="13" coveredstatements="13" elements="16" coveredelements="16"/>
      </class>
      <line num="9" type="method" name="__construct" visibility="public" complexity="1" crap="1" count="4"/>
      <line num="15" type="stmt" count="4"/>
      <line num="18" type="method" name="injectMetadata" visibility="public" complexity="2" crap="2" count="3"/>
      <line num="20" type="stmt" count="3"/>
      <line num="22" type="stmt" count="3"/>
      <line num="23" type="stmt" count="3"/>
      <line num="24" type="stmt" count="3"/>
      <line num="25" type="stmt" count="3"/>
      <line num="26" type="stmt" count="3"/>
      <line num="27" type="stmt" count="3"/>
      <line num="28" type="stmt" count="3"/>
      <line num="29" type="stmt" count="3"/>
      <line num="31" type="stmt" count="3"/>
      <line num="34" type="method" name="validate" visibility="public" complexity="1" crap="1" count="4"/>
      <line num="36" type="stmt" count="4"/>
      <line num="37" type="stmt" count="3"/>
      <metrics loc="40" ncloc="39" classes="1" methods="3" coveredmethods="3" conditionals="0" coveredconditionals="0" statements="13" coveredstatements="13" elements="16" coveredelements="16"/>
    </file>
    <file name="/var/www/packages/laravel-serializer/src/Attribute/Name.php">
      <class name="Gianfriaur\Serializer\Attribute\Name" namespace="global">
        <metrics complexity="4" methods="3" coveredmethods="3" conditionals="0" coveredconditionals="0" statements="13" coveredstatements="13" elements="16" coveredelements="16"/>
      </class>
      <line num="11" type="method" name="__construct" visibility="public" complexity="1" crap="1" count="8"/>
      <line num="17" type="stmt" count="8"/>
      <line num="20" type="method" name="injectMetadata" visibility="public" complexity="2" crap="2" count="7"/>
      <line num="22" type="stmt" count="7"/>
      <line num="24" type="stmt" count="7"/>
      <line num="25" type="stmt" count="7"/>
      <line num="26" type="stmt" count="7"/>
      <line num="27" type="stmt" count="7"/>
      <line num="28" type="stmt" count="7"/>
      <line num="29" type="stmt" count="7"/>
      <line num="30" type="stmt" count="7"/>
      <line num="31" type="stmt" count="7"/>
      <line num="33" type="stmt" count="7"/>
      <line num="39" type="method" name="validate" visibility="public" complexity="1" crap="1" count="8"/>
      <line num="41" type="stmt" count="8"/>
      <line num="42" type="stmt" count="7"/>
      <metrics loc="44" ncloc="40" classes="1" methods="3" coveredmethods="3" conditionals="0" coveredconditionals="0" statements="13" coveredstatements="13" elements="16" coveredelements="16"/>
    </file>
    <file name="/var/www/packages/laravel-serializer/src/Attribute/Set.php">
      <class name="Gianfriaur\Serializer\Attribute\Set" namespace="global">
        <metrics complexity="4" methods="3" coveredmethods="3" conditionals="0" coveredconditionals="0" statements="13" coveredstatements="13" elements="16" coveredelements="16"/>
      </class>
      <line num="11" type="method" name="__construct" visibility="public" complexity="1" crap="1" count="8"/>
      <line num="18" type="stmt" count="8"/>
      <line num="21" type="method" name="injectMetadata" visibility="public" complexity="2" crap="2" count="7"/>
      <line num="23" type="stmt" count="7"/>
      <line num="25" type="stmt" count="7"/>
      <line num="26" type="stmt" count="7"/>
      <line num="27" type="stmt" count="7"/>
      <line num="28" type="stmt" count="7"/>
      <line num="29" type="stmt" count="7"/>
      <line num="30" type="stmt" count="7"/>
      <line num="31" type="stmt" count="7"/>
      <line num="32" type="stmt" count="7"/>
      <line num="35" type="stmt" count="7"/>
      <line num="41" type="method" name="validate" visibility="public" complexity="1" crap="1" count="8"/>
      <line num="43" type="stmt" count="8"/>
      <line num="44" type="stmt" count="7"/>
      <metrics loc="46" ncloc="42" classes="1" methods="3" coveredmethods="3" conditionals="0" coveredconditionals="0" statements="13" coveredstatements="13" elements="16" coveredelements="16"/>
    </file>
    <file name="/var/www/packages/laravel-serializer/src/Attribute/SetThrough.php">
      <class name="Gianfriaur\Serializer\Attribute\SetThrough" namespace="global">
        <metrics complexity="4" methods="3" coveredmethods="3" conditionals="0" coveredconditionals="0" statements="13" coveredstatements="13" elements="16" coveredelements="16"/>
      </class>
      <line num="11" type="method" name="__construct" visibility="public" complexity="1" crap="1" count="5"/>
      <line num="19" type="stmt" count="5"/>
      <line num="22" type="method" name="injectMetadata" visibility="public" complexity="2" crap="2" count="4"/>
      <line num="24" type="stmt" count="4"/>
      <line num="26" type="stmt" count="4"/>
      <line num="27" type="stmt" count="4"/>
      <line num="28" type="stmt" count="4"/>
      <line num="29" type="stmt" count="4"/>
      <line num="30" type="stmt" count="4"/>
      <line num="31" type="stmt" count="4"/>
      <line num="32" type="stmt" count="4"/>
      <line num="33" type="stmt" count="4"/>
      <line num="36" type="stmt" count="4"/>
      <line num="42" type="method" name="validate" visibility="public" complexity="1" crap="1" count="5"/>
      <line num="44" type="stmt" count="5"/>
      <line num="45" type="stmt" count="4"/>
      <metrics loc="47" ncloc="43" classes="1" methods="3" coveredmethods="3" conditionals="0" coveredconditionals="0" statements="13" coveredstatements="13" elements="16" coveredelements="16"/>
    </file>
    <file name="/var/www/packages/laravel-serializer/src/Exception/Attribute/AttributeSerializerException.php">
      <class name="Gianfriaur\Serializer\Exception\Attribute\AttributeSerializerException" namespace="global">
        <metrics complexity="0" methods="0" coveredmethods="0" conditionals="0" coveredconditionals="0" statements="0" coveredstatements="0" elements="0" coveredelements="0"/>
      </class>
      <metrics loc="10" ncloc="10" classes="0" methods="0" coveredmethods="0" conditionals="0" coveredconditionals="0" statements="0" coveredstatements="0" elements="0" coveredelements="0"/>
    </file>
    <file name="/var/www/packages/laravel-serializer/src/Exception/Attribute/GroupAttributeMalformed.php">
      <class name="Gianfriaur\Serializer\Exception\Attribute\GroupAttributeMalformed" namespace="global">
        <metrics complexity="0" methods="0" coveredmethods="0" conditionals="0" coveredconditionals="0" statements="0" coveredstatements="0" elements="0" coveredelements="0"/>
      </class>
      <metrics loc="8" ncloc="8" classes="0" methods="0" coveredmethods="0" conditionals="0" coveredconditionals="0" statements="0" coveredstatements="0" elements="0" coveredelements="0"/>
    </file>
    <file name="/var/www/packages/laravel-serializer/src/Exception/Attribute/MissingParameterException.php">
      <class name="Gianfriaur\Serializer\Exception\Attribute\MissingParameterException" namespace="global">
        <metrics complexity="1" methods="1" coveredmethods="1" conditionals="0" coveredconditionals="0" statements="3" coveredstatements="3" elements="4" coveredelements="4"/>
      </class>
      <line num="10" type="method" name="__construct" visibility="public" complexity="1" crap="1" count="7"/>
      <line num="12" type="stmt" count="7"/>
      <line num="14" type="stmt" count="7"/>
      <line num="15" type="stmt" count="7"/>
      <metrics loc="17" ncloc="17" classes="1" methods="1" coveredmethods="1" conditionals="0" coveredconditionals="0" statements="3" coveredstatements="3" elements="4" coveredelements="4"/>
    </file>
    <file name="/var/www/packages/laravel-serializer/src/Exception/EngineAlreadyRegisteredException.php">
      <class name="Gianfriaur\Serializer\Exception\EngineAlreadyRegisteredException" namespace="global">
        <metrics complexity="1" methods="1" coveredmethods="1" conditionals="0" coveredconditionals="0" statements="1" coveredstatements="1" elements="2" coveredelements="2"/>
      </class>
      <line num="10" type="method" name="__construct" visibility="public" complexity="1" crap="1" count="1"/>
      <line num="12" type="stmt" count="1"/>
      <metrics loc="15" ncloc="15" classes="1" methods="1" coveredmethods="1" conditionals="0" coveredconditionals="0" statements="1" coveredstatements="1" elements="2" coveredelements="2"/>
    </file>
    <file name="/var/www/packages/laravel-serializer/src/Exception/MetadataServiceAlreadyRegisteredException.php">
      <class name="Gianfriaur\Serializer\Exception\MetadataServiceAlreadyRegisteredException" namespace="global">
        <metrics complexity="1" methods="1" coveredmethods="0" conditionals="0" coveredconditionals="0" statements="1" coveredstatements="0" elements="2" coveredelements="0"/>
      </class>
      <line num="10" type="method" name="__construct" visibility="public" complexity="1" crap="2" count="0"/>
      <line num="12" type="stmt" count="0"/>
      <metrics loc="15" ncloc="15" classes="1" methods="1" coveredmethods="0" conditionals="0" coveredconditionals="0" statements="1" coveredstatements="0" elements="2" coveredelements="0"/>
    </file>
    <file name="/var/www/packages/laravel-serializer/src/Exception/MissingDefaultEngineException.php">
      <class name="Gianfriaur\Serializer\Exception\MissingDefaultEngineException" namespace="global">
        <metrics complexity="1" methods="1" coveredmethods="1" conditionals="0" coveredconditionals="0" statements="1" coveredstatements="1" elements="2" coveredelements="2"/>
      </class>
      <line num="10" type="method" name="__construct" visibility="public" complexity="1" crap="1" count="2"/>
      <line num="12" type="stmt" count="2"/>
      <metrics loc="15" ncloc="15" classes="1" methods="1" coveredmethods="1" conditionals="0" coveredconditionals="0" statements="1" coveredstatements="1" elements="2" coveredelements="2"/>
    </file>
    <file name="/var/www/packages/laravel-serializer/src/Exception/MissingEngineException.php">
      <class name="Gianfriaur\Serializer\Exception\MissingEngineException" namespace="global">
        <metrics complexity="1" methods="1" coveredmethods="1" conditionals="0" coveredconditionals="0" statements="1" coveredstatements="1" elements="2" coveredelements="2"/>
      </class>
      <line num="10" type="method" name="__construct" visibility="public" complexity="1" crap="1" count="4"/>
      <line num="12" type="stmt" count="4"/>
      <metrics loc="15" ncloc="15" classes="1" methods="1" coveredmethods="1" conditionals="0" coveredconditionals="0" statements="1" coveredstatements="1" elements="2" coveredelements="2"/>
    </file>
    <file name="/var/www/packages/laravel-serializer/src/Exception/MissingGetTypeStrategyException.php">
      <class name="Gianfriaur\Serializer\Exception\MissingGetTypeStrategyException" namespace="global">
        <metrics complexity="1" methods="1" coveredmethods="1" conditionals="0" coveredconditionals="0" statements="1" coveredstatements="1" elements="2" coveredelements="2"/>
      </class>
      <line num="10" type="method" name="__construct" visibility="public" complexity="1" crap="1" count="2"/>
      <line num="12" type="stmt" count="2"/>
      <metrics loc="15" ncloc="15" classes="1" methods="1" coveredmethods="1" conditionals="0" coveredconditionals="0" statements="1" coveredstatements="1" elements="2" coveredelements="2"/>
    </file>
    <file name="/var/www/packages/laravel-serializer/src/Exception/MissingMetadataParameterException.php">
      <class name="Gianfriaur\Serializer\Exception\MissingMetadataParameterException" namespace="global">
        <metrics complexity="1" methods="1" coveredmethods="1" conditionals="0" coveredconditionals="0" statements="1" coveredstatements="1" elements="2" coveredelements="2"/>
      </class>
      <line num="9" type="method" name="__construct" visibility="public" complexity="1" crap="1" count="6"/>
      <line num="11" type="stmt" count="6"/>
      <metrics loc="13" ncloc="13" classes="1" methods="1" coveredmethods="1" conditionals="0" coveredconditionals="0" statements="1" coveredstatements="1" elements="2" coveredelements="2"/>
    </file>
    <file name="/var/www/packages/laravel-serializer/src/Exception/MissingMetadataServiceException.php">
      <class name="Gianfriaur\Serializer\Exception\MissingMetadataServiceException" namespace="global">
        <metrics complexity="1" methods="1" coveredmethods="1" conditionals="0" coveredconditionals="0" statements="1" coveredstatements="1" elements="2" coveredelements="2"/>
      </class>
      <line num="10" type="method" name="__construct" visibility="public" complexity="1" crap="1" count="2"/>
      <line num="12" type="stmt" count="2"/>
      <metrics loc="15" ncloc="15" classes="1" methods="1" coveredmethods="1" conditionals="0" coveredconditionals="0" statements="1" coveredstatements="1" elements="2" coveredelements="2"/>
    </file>
    <file name="/var/www/packages/laravel-serializer/src/Exception/ObjectMissingMethodException.php">
      <class name="Gianfriaur\Serializer\Exception\ObjectMissingMethodException" namespace="global">
        <metrics complexity="1" methods="1" coveredmethods="1" conditionals="0" coveredconditionals="0" statements="1" coveredstatements="1" elements="2" coveredelements="2"/>
      </class>
      <line num="10" type="method" name="__construct" visibility="public" complexity="1" crap="1" count="4"/>
      <line num="12" type="stmt" count="4"/>
      <metrics loc="15" ncloc="15" classes="1" methods="1" coveredmethods="1" conditionals="0" coveredconditionals="0" statements="1" coveredstatements="1" elements="2" coveredelements="2"/>
    </file>
    <file name="/var/www/packages/laravel-serializer/src/Exception/ObjectMissingPropertyException.php">
      <class name="Gianfriaur\Serializer\Exception\ObjectMissingPropertyException" namespace="global">
        <metrics complexity="1" methods="1" coveredmethods="1" conditionals="0" coveredconditionals="0" statements="1" coveredstatements="1" elements="2" coveredelements="2"/>
      </class>
      <line num="10" type="method" name="__construct" visibility="public" complexity="1" crap="1" count="2"/>
      <line num="12" type="stmt" count="2"/>
      <metrics loc="15" ncloc="15" classes="1" methods="1" coveredmethods="1" conditionals="0" coveredconditionals="0" statements="1" coveredstatements="1" elements="2" coveredelements="2"/>
    </file>
    <file name="/var/www/packages/laravel-serializer/src/Exception/RecursiveSerializationException.php">
      <class name="Gianfriaur\Serializer\Exception\RecursiveSerializationException" namespace="global">
        <metrics complexity="1" methods="1" coveredmethods="1" conditionals="0" coveredconditionals="0" statements="1" coveredstatements="1" elements="2" coveredelements="2"/>
      </class>
      <line num="9" type="method" name="__construct" visibility="public" complexity="1" crap="1" count="2"/>
      <line num="11" type="stmt" count="2"/>
      <metrics loc="13" ncloc="13" classes="1" methods="1" coveredmethods="1" conditionals="0" coveredconditionals="0" statements="1" coveredstatements="1" elements="2" coveredelements="2"/>
    </file>
    <file name="/var/www/packages/laravel-serializer/src/Exception/SerializationIsNotAllowedForTypeException.php">
      <class name="Gianfriaur\Serializer\Exception\SerializationIsNotAllowedForTypeException" namespace="global">
        <metrics complexity="1" methods="1" coveredmethods="1" conditionals="0" coveredconditionals="0" statements="1" coveredstatements="1" elements="2" coveredelements="2"/>
      </class>
      <line num="10" type="method" name="__construct" visibility="public" complexity="1" crap="1" count="2"/>
      <line num="12" type="stmt" count="2"/>
      <metrics loc="15" ncloc="15" classes="1" methods="1" coveredmethods="1" conditionals="0" coveredconditionals="0" statements="1" coveredstatements="1" elements="2" coveredelements="2"/>
    </file>
    <file name="/var/www/packages/laravel-serializer/src/Exception/SerializationMissingGetStrategyException.php">
      <class name="Gianfriaur\Serializer\Exception\SerializationMissingGetStrategyException" namespace="global">
        <metrics complexity="1" methods="1" coveredmethods="1" conditionals="0" coveredconditionals="0" statements="1" coveredstatements="1" elements="2" coveredelements="2"/>
      </class>
      <line num="10" type="method" name="__construct" visibility="public" complexity="1" crap="1" count="2"/>
      <line num="12" type="stmt" count="2"/>
      <metrics loc="14" ncloc="14" classes="1" methods="1" coveredmethods="1" conditionals="0" coveredconditionals="0" statements="1" coveredstatements="1" elements="2" coveredelements="2"/>
    </file>
    <file name="/var/www/packages/laravel-serializer/src/Exception/SerializePrimitiveException.php">
      <class name="Gianfriaur\Serializer\Exception\SerializePrimitiveException" namespace="global">
        <metrics complexity="1" methods="1" coveredmethods="1" conditionals="0" coveredconditionals="0" statements="1" coveredstatements="1" elements="2" coveredelements="2"/>
      </class>
      <line num="9" type="method" name="__construct" visibility="public" complexity="1" crap="1" count="2"/>
      <line num="11" type="stmt" count="2"/>
      <metrics loc="13" ncloc="13" classes="1" methods="1" coveredmethods="1" conditionals="0" coveredconditionals="0" statements="1" coveredstatements="1" elements="2" coveredelements="2"/>
    </file>
    <file name="/var/www/packages/laravel-serializer/src/Exception/SerializerException.php">
      <class name="Gianfriaur\Serializer\Exception\SerializerException" namespace="global">
        <metrics complexity="0" methods="0" coveredmethods="0" conditionals="0" coveredconditionals="0" statements="0" coveredstatements="0" elements="0" coveredelements="0"/>
      </class>
      <metrics loc="10" ncloc="10" classes="0" methods="0" coveredmethods="0" conditionals="0" coveredconditionals="0" statements="0" coveredstatements="0" elements="0" coveredelements="0"/>
    </file>
    <file name="/var/www/packages/laravel-serializer/src/Exception/SerializerMissingConfigException.php">
      <class name="Gianfriaur\Serializer\Exception\SerializerMissingConfigException" namespace="global">
        <metrics complexity="1" methods="1" coveredmethods="0" conditionals="0" coveredconditionals="0" statements="3" coveredstatements="0" elements="4" coveredelements="0"/>
      </class>
      <line num="10" type="method" name="__construct" visibility="public" complexity="1" crap="2" count="0"/>
      <line num="12" type="stmt" count="0"/>
      <line num="13" type="stmt" count="0"/>
      <line num="14" type="stmt" count="0"/>
      <metrics loc="16" ncloc="16" classes="1" methods="1" coveredmethods="0" conditionals="0" coveredconditionals="0" statements="3" coveredstatements="0" elements="4" coveredelements="0"/>
    </file>
    <file name="/var/www/packages/laravel-serializer/src/Models/Test.php">
      <class name="Gianfriaur\Serializer\Models\Test" namespace="global">
        <metrics complexity="0" methods="0" coveredmethods="0" conditionals="0" coveredconditionals="0" statements="0" coveredstatements="0" elements="0" coveredelements="0"/>
      </class>
      <line num="8" type="stmt" count="0"/>
      <line num="9" type="stmt" count="0"/>
      <line num="10" type="stmt" count="0"/>
      <line num="11" type="stmt" count="0"/>
      <line num="12" type="stmt" count="0"/>
      <line num="13" type="stmt" count="0"/>
      <line num="14" type="stmt" count="0"/>
      <line num="15" type="stmt" count="0"/>
      <line num="16" type="stmt" count="0"/>
      <metrics loc="21" ncloc="21" classes="0" methods="0" coveredmethods="0" conditionals="0" coveredconditionals="0" statements="9" coveredstatements="0" elements="9" coveredelements="0"/>
    </file>
    <file name="/var/www/packages/laravel-serializer/src/SerializerServiceProvider.php">
      <class name="Gianfriaur\Serializer\SerializerServiceProvider" namespace="global">
        <metrics complexity="4" methods="4" coveredmethods="0" conditionals="0" coveredconditionals="0" statements="9" coveredstatements="0" elements="13" coveredelements="0"/>
      </class>
      <line num="13" type="method" name="boot" visibility="public" complexity="1" crap="2" count="0"/>
      <line num="15" type="stmt" count="0"/>
      <line num="19" type="method" name="register" visibility="public" complexity="1" crap="2" count="0"/>
      <line num="21" type="stmt" count="0"/>
      <line num="23" type="stmt" count="0"/>
      <line num="26" type="method" name="bootConfig" visibility="private" complexity="1" crap="2" count="0"/>
      <line num="28" type="stmt" count="0"/>
      <line num="29" type="stmt" count="0"/>
      <line num="30" type="stmt" count="0"/>
      <line num="33" type="method" name="registerConfig" visibility="private" complexity="1" crap="2" count="0"/>
      <line num="35" type="stmt" count="0"/>
      <line num="36" type="stmt" count="0"/>
      <line num="37" type="stmt" count="0"/>
      <metrics loc="39" ncloc="39" classes="1" methods="4" coveredmethods="0" conditionals="0" coveredconditionals="0" statements="9" coveredstatements="0" elements="13" coveredelements="0"/>
    </file>
    <file name="/var/www/packages/laravel-serializer/src/Service/AnnotationParserService/AnnotationParserServiceInterface.php">
      <metrics loc="12" ncloc="12" classes="0" methods="0" coveredmethods="0" conditionals="0" coveredconditionals="0" statements="0" coveredstatements="0" elements="0" coveredelements="0"/>
    </file>
    <file name="/var/www/packages/laravel-serializer/src/Service/CacheService/SerializerCacheServiceInterface.php">
      <metrics loc="8" ncloc="8" classes="0" methods="0" coveredmethods="0" conditionals="0" coveredconditionals="0" statements="0" coveredstatements="0" elements="0" coveredelements="0"/>
    </file>
    <file name="/var/www/packages/laravel-serializer/src/Service/Deserializer/DeserializerInterface.php">
      <metrics loc="8" ncloc="8" classes="0" methods="0" coveredmethods="0" conditionals="0" coveredconditionals="0" statements="0" coveredstatements="0" elements="0" coveredelements="0"/>
    </file>
    <file name="/var/www/packages/laravel-serializer/src/Service/Engine/ArrayEngine.php">
      <class name="Gianfriaur\Serializer\Service\Engine\ArrayEngine" namespace="global">
        <metrics complexity="46" methods="8" coveredmethods="6" conditionals="0" coveredconditionals="0" statements="109" coveredstatements="95" elements="117" coveredelements="101"/>
      </class>
      <line num="23" type="method" name="__construct" visibility="public" complexity="1" crap="1" count="67"/>
      <line num="28" type="stmt" count="67"/>
      <line num="30" type="method" name="getEngineName" visibility="public" complexity="1" crap="1" count="67"/>
      <line num="32" type="stmt" count="67"/>
      <line num="41" type="method" name="getObjectProperty" visibility="private" complexity="10" crap="10" count="42"/>
      <line num="43" type="stmt" count="42"/>
      <line num="46" type="stmt" count="42"/>
      <line num="47" type="stmt" count="42"/>
      <line num="48" type="stmt" count="32"/>
      <line num="49" type="stmt" count="2"/>
      <line num="58" type="stmt" count="30"/>
      <line num="59" type="stmt" count="12"/>
      <line num="61" type="stmt" count="18"/>
      <line num="62" type="stmt" count="16"/>
      <line num="64" type="stmt" count="2"/>
      <line num="65" type="stmt" count="42"/>
      <line num="66" type="stmt" count="42"/>
      <line num="67" type="stmt" count="18"/>
      <line num="68" type="stmt" count="2"/>
      <line num="70" type="stmt" count="16"/>
      <line num="71" type="stmt" count="2"/>
      <line num="75" type="stmt" count="14"/>
      <line num="76" type="stmt" count="14"/>
      <line num="77" type="stmt" count="14"/>
      <line num="78" type="stmt" count="14"/>
      <line num="79" type="stmt" count="14"/>
      <line num="81" type="stmt" count="4"/>
      <line num="83" type="stmt" count="10"/>
      <line num="84" type="stmt" count="2"/>
      <line num="86" type="stmt" count="8"/>
      <line num="88" type="stmt" count="42"/>
      <line num="89" type="stmt" count="42"/>
      <line num="90" type="stmt" count="42"/>
      <line num="93" type="method" name="clearArray" visibility="private" complexity="6" crap="6" count="24"/>
      <line num="96" type="stmt" count="24"/>
      <line num="97" type="stmt" count="10"/>
      <line num="98" type="stmt" count="8"/>
      <line num="102" type="stmt" count="24"/>
      <line num="103" type="stmt" count="22"/>
      <line num="104" type="stmt" count="6"/>
      <line num="108" type="stmt" count="24"/>
      <line num="111" type="method" name="serializeWithMetadata" visibility="public" complexity="11" crap="15.48" count="44"/>
      <line num="114" type="stmt" count="44"/>
      <line num="115" type="stmt" count="44"/>
      <line num="118" type="stmt" count="44"/>
      <line num="119" type="stmt" count="42"/>
      <line num="123" type="stmt" count="44"/>
      <line num="124" type="stmt" count="2"/>
      <line num="128" type="stmt" count="42"/>
      <line num="131" type="stmt" count="28"/>
      <line num="132" type="stmt" count="0"/>
      <line num="135" type="stmt" count="28"/>
      <line num="136" type="stmt" count="28"/>
      <line num="137" type="stmt" count="28"/>
      <line num="138" type="stmt" count="28"/>
      <line num="140" type="stmt" count="28"/>
      <line num="141" type="stmt" count="2"/>
      <line num="145" type="stmt" count="26"/>
      <line num="147" type="stmt" count="26"/>
      <line num="148" type="stmt" count="0"/>
      <line num="150" type="stmt" count="0"/>
      <line num="151" type="stmt" count="0"/>
      <line num="152" type="stmt" count="0"/>
      <line num="153" type="stmt" count="0"/>
      <line num="154" type="stmt" count="0"/>
      <line num="155" type="stmt" count="0"/>
      <line num="157" type="stmt" count="0"/>
      <line num="160" type="stmt" count="0"/>
      <line num="161" type="stmt" count="0"/>
      <line num="163" type="stmt" count="0"/>
      <line num="167" type="stmt" count="0"/>
      <line num="171" type="stmt" count="26"/>
      <line num="172" type="stmt" count="26"/>
      <line num="173" type="stmt" count="26"/>
      <line num="174" type="stmt" count="26"/>
      <line num="177" type="stmt" count="26"/>
      <line num="178" type="stmt" count="14"/>
      <line num="179" type="stmt" count="14"/>
      <line num="181" type="stmt" count="14"/>
      <line num="184" type="stmt" count="26"/>
      <line num="187" type="stmt" count="24"/>
      <line num="190" type="method" name="serializeElement" visibility="private" complexity="6" crap="6.02" count="26"/>
      <line num="192" type="stmt" count="26"/>
      <line num="194" type="stmt" count="26"/>
      <line num="195" type="stmt" count="2"/>
      <line num="198" type="stmt" count="24"/>
      <line num="199" type="stmt" count="4"/>
      <line num="200" type="stmt" count="2"/>
      <line num="202" type="stmt" count="2"/>
      <line num="205" type="stmt" count="24"/>
      <line num="208" type="stmt" count="24"/>
      <line num="210" type="stmt" count="22"/>
      <line num="211" type="stmt" count="0"/>
      <line num="214" type="stmt" count="22"/>
      <line num="223" type="method" name="serializeObject" visibility="public" complexity="10" crap="10" count="32"/>
      <line num="226" type="stmt" count="32"/>
      <line num="227" type="stmt" count="2"/>
      <line num="230" type="stmt" count="30"/>
      <line num="231" type="stmt" count="30"/>
      <line num="232" type="stmt" count="30"/>
      <line num="233" type="stmt" count="30"/>
      <line num="235" type="stmt" count="30"/>
      <line num="236" type="stmt" count="4"/>
      <line num="237" type="stmt" count="2"/>
      <line num="239" type="stmt" count="2"/>
      <line num="244" type="stmt" count="26"/>
      <line num="245" type="stmt" count="12"/>
      <line num="246" type="stmt" count="12"/>
      <line num="247" type="stmt" count="12"/>
      <line num="249" type="stmt" count="22"/>
      <line num="252" type="stmt" count="24"/>
      <line num="253" type="stmt" count="4"/>
      <line num="256" type="stmt" count="24"/>
      <line num="257" type="stmt" count="24"/>
      <line num="260" type="stmt" count="24"/>
      <line num="264" type="method" name="getEmptySerialization" visibility="public" complexity="1" crap="1" count="24"/>
      <line num="266" type="stmt" count="24"/>
      <metrics loc="268" ncloc="237" classes="1" methods="8" coveredmethods="6" conditionals="0" coveredconditionals="0" statements="109" coveredstatements="95" elements="117" coveredelements="101"/>
    </file>
    <file name="/var/www/packages/laravel-serializer/src/Service/Engine/EngineInterface.php">
      <metrics loc="21" ncloc="21" classes="0" methods="0" coveredmethods="0" conditionals="0" coveredconditionals="0" statements="0" coveredstatements="0" elements="0" coveredelements="0"/>
    </file>
    <file name="/var/www/packages/laravel-serializer/src/Service/Engine/JsonEngine.php">
      <class name="Gianfriaur\Serializer\Service\Engine\JsonEngine" namespace="global">
        <metrics complexity="5" methods="5" coveredmethods="4" conditionals="0" coveredconditionals="0" statements="9" coveredstatements="8" elements="14" coveredelements="12"/>
      </class>
      <line num="11" type="method" name="__construct" visibility="public" complexity="1" crap="1" count="29"/>
      <line num="16" type="stmt" count="29"/>
      <line num="18" type="method" name="getEngineName" visibility="public" complexity="1" crap="1" count="29"/>
      <line num="20" type="stmt" count="29"/>
      <line num="23" type="method" name="serializeObject" visibility="public" complexity="1" crap="1" count="16"/>
      <line num="25" type="stmt" count="16"/>
      <line num="26" type="stmt" count="16"/>
      <line num="27" type="stmt" count="16"/>
      <line num="30" type="method" name="serializeWithMetadata" visibility="public" complexity="1" crap="1" count="10"/>
      <line num="32" type="stmt" count="10"/>
      <line num="33" type="stmt" count="10"/>
      <line num="34" type="stmt" count="10"/>
      <line num="36" type="method" name="getEmptySerialization" visibility="public" complexity="1" crap="2" count="0"/>
      <line num="38" type="stmt" count="0"/>
      <metrics loc="40" ncloc="38" classes="1" methods="5" coveredmethods="4" conditionals="0" coveredconditionals="0" statements="9" coveredstatements="8" elements="14" coveredelements="12"/>
    </file>
    <file name="/var/www/packages/laravel-serializer/src/Service/MetadataService/AttributeMetadataService.php">
      <class name="Gianfriaur\Serializer\Service\MetadataService\AttributeMetadataService" namespace="global">
        <metrics complexity="49" methods="10" coveredmethods="4" conditionals="0" coveredconditionals="0" statements="114" coveredstatements="28" elements="124" coveredelements="32"/>
      </class>
      <line num="20" type="method" name="__construct" visibility="public" complexity="1" crap="1" count="30"/>
      <line num="22" type="stmt" count="30"/>
      <line num="25" type="method" name="getOptions" visibility="private" complexity="1" crap="1" count="30"/>
      <line num="27" type="stmt" count="30"/>
      <line num="28" type="stmt" count="30"/>
      <line num="29" type="stmt" count="30"/>
      <line num="30" type="stmt" count="30"/>
      <line num="31" type="stmt" count="30"/>
      <line num="32" type="stmt" count="30"/>
      <line num="33" type="stmt" count="30"/>
      <line num="37" type="method" name="getKey" visibility="private" complexity="1" crap="2" count="0"/>
      <line num="39" type="stmt" count="0"/>
      <line num="42" type="method" name="classHasSerializationAttributes" visibility="private" complexity="4" crap="4.07" count="30"/>
      <line num="44" type="stmt" count="30"/>
      <line num="45" type="stmt" count="30"/>
      <line num="46" type="stmt" count="30"/>
      <line num="47" type="stmt" count="30"/>
      <line num="48" type="stmt" count="30"/>
      <line num="52" type="stmt" count="0"/>
      <line num="57" type="method" name="manageGroupAttribute" visibility="public" complexity="23" crap="552" count="0"/>
      <line num="59" type="stmt" count="0"/>
      <line num="60" type="stmt" count="0"/>
      <line num="62" type="stmt" count="0"/>
      <line num="63" type="stmt" count="0"/>
      <line num="66" type="stmt" count="0"/>
      <line num="67" type="stmt" count="0"/>
      <line num="68" type="stmt" count="0"/>
      <line num="69" type="stmt" count="0"/>
      <line num="70" type="stmt" count="0"/>
      <line num="73" type="stmt" count="0"/>
      <line num="74" type="stmt" count="0"/>
      <line num="75" type="stmt" count="0"/>
      <line num="76" type="stmt" count="0"/>
      <line num="77" type="stmt" count="0"/>
      <line num="78" type="stmt" count="0"/>
      <line num="81" type="stmt" count="0"/>
      <line num="83" type="stmt" count="0"/>
      <line num="87" type="stmt" count="0"/>
      <line num="88" type="stmt" count="0"/>
      <line num="89" type="stmt" count="0"/>
      <line num="90" type="stmt" count="0"/>
      <line num="91" type="stmt" count="0"/>
      <line num="93" type="stmt" count="0"/>
      <line num="94" type="stmt" count="0"/>
      <line num="95" type="stmt" count="0"/>
      <line num="96" type="stmt" count="0"/>
      <line num="97" type="stmt" count="0"/>
      <line num="99" type="stmt" count="0"/>
      <line num="100" type="stmt" count="0"/>
      <line num="101" type="stmt" count="0"/>
      <line num="102" type="stmt" count="0"/>
      <line num="104" type="stmt" count="0"/>
      <line num="105" type="stmt" count="0"/>
      <line num="106" type="stmt" count="0"/>
      <line num="107" type="stmt" count="0"/>
      <line num="109" type="stmt" count="0"/>
      <line num="110" type="stmt" count="0"/>
      <line num="111" type="stmt" count="0"/>
      <line num="112" type="stmt" count="0"/>
      <line num="115" type="stmt" count="0"/>
      <line num="117" type="stmt" count="0"/>
      <line num="118" type="stmt" count="0"/>
      <line num="122" type="stmt" count="0"/>
      <line num="123" type="stmt" count="0"/>
      <line num="124" type="stmt" count="0"/>
      <line num="125" type="stmt" count="0"/>
      <line num="126" type="stmt" count="0"/>
      <line num="128" type="stmt" count="0"/>
      <line num="129" type="stmt" count="0"/>
      <line num="130" type="stmt" count="0"/>
      <line num="131" type="stmt" count="0"/>
      <line num="132" type="stmt" count="0"/>
      <line num="134" type="stmt" count="0"/>
      <line num="135" type="stmt" count="0"/>
      <line num="136" type="stmt" count="0"/>
      <line num="137" type="stmt" count="0"/>
      <line num="139" type="stmt" count="0"/>
      <line num="140" type="stmt" count="0"/>
      <line num="141" type="stmt" count="0"/>
      <line num="142" type="stmt" count="0"/>
      <line num="144" type="stmt" count="0"/>
      <line num="145" type="stmt" count="0"/>
      <line num="146" type="stmt" count="0"/>
      <line num="147" type="stmt" count="0"/>
      <line num="150" type="stmt" count="0"/>
      <line num="151" type="stmt" count="0"/>
      <line num="152" type="stmt" count="0"/>
      <line num="153" type="stmt" count="0"/>
      <line num="154" type="stmt" count="0"/>
      <line num="155" type="stmt" count="0"/>
      <line num="161" type="stmt" count="0"/>
      <line num="165" type="method" name="getClassFullMetadataFromClassName" visibility="private" complexity="5" crap="5" count="30"/>
      <line num="167" type="stmt" count="30"/>
      <line num="169" type="stmt" count="30"/>
      <line num="170" type="stmt" count="30"/>
      <line num="171" type="stmt" count="30"/>
      <line num="172" type="stmt" count="30"/>
      <line num="174" type="stmt" count="30"/>
      <line num="175" type="stmt" count="23"/>
      <line num="193" type="stmt" count="19"/>
      <line num="196" type="method" name="prepareClassSerializationAttributes" visibility="public" complexity="4" crap="6.99" count="30"/>
      <line num="198" type="stmt" count="30"/>
      <line num="199" type="stmt" count="0"/>
      <line num="200" type="stmt" count="0"/>
      <line num="201" type="stmt" count="0"/>
      <line num="202" type="stmt" count="0"/>
      <line num="204" type="stmt" count="30"/>
      <line num="206" type="stmt" count="19"/>
      <line num="209" type="method" name="hasSerializationMetadata" visibility="public" complexity="6" crap="42" count="0"/>
      <line num="212" type="stmt" count="0"/>
      <line num="214" type="stmt" count="0"/>
      <line num="215" type="stmt" count="0"/>
      <line num="216" type="stmt" count="0"/>
      <line num="220" type="stmt" count="0"/>
      <line num="221" type="stmt" count="0"/>
      <line num="222" type="stmt" count="0"/>
      <line num="226" type="stmt" count="0"/>
      <line num="229" type="method" name="hasSerializationMetadata_bis" visibility="public" complexity="1" crap="2" count="0"/>
      <line num="233" type="stmt" count="0"/>
      <line num="238" type="method" name="getSerializationMetadata" visibility="public" complexity="3" crap="3" count="30"/>
      <line num="240" type="stmt" count="30"/>
      <line num="241" type="stmt" count="30"/>
      <line num="242" type="stmt" count="30"/>
      <line num="246" type="stmt" count="19"/>
      <metrics loc="248" ncloc="231" classes="1" methods="10" coveredmethods="4" conditionals="0" coveredconditionals="0" statements="114" coveredstatements="28" elements="124" coveredelements="32"/>
    </file>
    <file name="/var/www/packages/laravel-serializer/src/Service/MetadataService/DefaultMetadataService.php">
      <class name="Gianfriaur\Serializer\Service\MetadataService\DefaultMetadataService" namespace="global">
        <metrics complexity="40" methods="18" coveredmethods="17" conditionals="0" coveredconditionals="0" statements="70" coveredstatements="68" elements="88" coveredelements="85"/>
      </class>
      <line num="11" type="method" name="__construct" visibility="public" complexity="1" crap="1" count="107"/>
      <line num="14" type="stmt" count="107"/>
      <line num="16" type="method" name="createObjectMetadataIfNotExist" visibility="private" complexity="2" crap="2" count="68"/>
      <line num="18" type="stmt" count="68"/>
      <line num="20" type="method" name="createObjectPropertyMetadataIfNotExist" visibility="private" complexity="2" crap="2" count="9"/>
      <line num="22" type="stmt" count="9"/>
      <line num="25" type="method" name="addGroup" visibility="public" complexity="1" crap="1" count="68"/>
      <line num="27" type="stmt" count="68"/>
      <line num="28" type="stmt" count="68"/>
      <line num="31" type="method" name="addProperty" visibility="public" complexity="1" crap="1" count="2"/>
      <line num="33" type="stmt" count="2"/>
      <line num="34" type="stmt" count="2"/>
      <line num="37" type="method" name="addPropertyGetter" visibility="public" complexity="1" crap="1" count="3"/>
      <line num="39" type="stmt" count="3"/>
      <line num="40" type="stmt" count="3"/>
      <line num="41" type="stmt" count="3"/>
      <line num="44" type="method" name="addPropertyDirectGetter" visibility="public" complexity="2" crap="2" count="1"/>
      <line num="46" type="stmt" count="1"/>
      <line num="47" type="stmt" count="1"/>
      <line num="48" type="stmt" count="1"/>
      <line num="51" type="method" name="addPropertyFunctionGetter" visibility="public" complexity="1" crap="1" count="1"/>
      <line num="53" type="stmt" count="1"/>
      <line num="54" type="stmt" count="1"/>
      <line num="57" type="method" name="addPropertySetter" visibility="public" complexity="1" crap="1" count="3"/>
      <line num="59" type="stmt" count="3"/>
      <line num="60" type="stmt" count="3"/>
      <line num="61" type="stmt" count="3"/>
      <line num="64" type="method" name="addPropertyDirectSetter" visibility="public" complexity="2" crap="2" count="1"/>
      <line num="66" type="stmt" count="1"/>
      <line num="67" type="stmt" count="1"/>
      <line num="68" type="stmt" count="1"/>
      <line num="71" type="method" name="addPropertyFunctionSetter" visibility="public" complexity="1" crap="1" count="1"/>
      <line num="73" type="stmt" count="1"/>
      <line num="74" type="stmt" count="1"/>
      <line num="77" type="method" name="addPropertySerializedName" visibility="public" complexity="1" crap="1" count="1"/>
      <line num="79" type="stmt" count="1"/>
      <line num="80" type="stmt" count="1"/>
      <line num="81" type="stmt" count="1"/>
      <line num="84" type="method" name="addPropertyGroups" visibility="public" complexity="1" crap="1" count="1"/>
      <line num="86" type="stmt" count="1"/>
      <line num="87" type="stmt" count="1"/>
      <line num="88" type="stmt" count="1"/>
      <line num="91" type="method" name="addPropertyDefaultValue" visibility="public" complexity="1" crap="1" count="1"/>
      <line num="93" type="stmt" count="1"/>
      <line num="94" type="stmt" count="1"/>
      <line num="97" type="method" name="addPropertyMetadataServiceProvider" visibility="public" complexity="1" crap="1" count="1"/>
      <line num="99" type="stmt" count="1"/>
      <line num="100" type="stmt" count="1"/>
      <line num="101" type="stmt" count="1"/>
      <line num="104" type="method" name="hasSerializationMetadata" visibility="public" complexity="4" crap="4" count="27"/>
      <line num="106" type="stmt" count="27"/>
      <line num="108" type="stmt" count="27"/>
      <line num="109" type="stmt" count="27"/>
      <line num="110" type="stmt" count="26"/>
      <line num="113" type="stmt" count="1"/>
      <line num="116" type="method" name="metadataMergeRecursive" visibility="protected" complexity="12" crap="12.28" count="34"/>
      <line num="118" type="stmt" count="34"/>
      <line num="119" type="stmt" count="0"/>
      <line num="121" type="stmt" count="34"/>
      <line num="122" type="stmt" count="34"/>
      <line num="123" type="stmt" count="34"/>
      <line num="124" type="stmt" count="34"/>
      <line num="125" type="stmt" count="0"/>
      <line num="127" type="stmt" count="34"/>
      <line num="128" type="stmt" count="19"/>
      <line num="129" type="stmt" count="34"/>
      <line num="130" type="stmt" count="34"/>
      <line num="131" type="stmt" count="34"/>
      <line num="132" type="stmt" count="24"/>
      <line num="134" type="stmt" count="34"/>
      <line num="136" type="stmt" count="1"/>
      <line num="138" type="stmt" count="34"/>
      <line num="142" type="method" name="getSerializationMetadata" visibility="public" complexity="5" crap="5" count="56"/>
      <line num="144" type="stmt" count="56"/>
      <line num="145" type="stmt" count="56"/>
      <line num="146" type="stmt" count="56"/>
      <line num="147" type="stmt" count="56"/>
      <line num="150" type="stmt" count="56"/>
      <line num="151" type="stmt" count="19"/>
      <line num="152" type="stmt" count="19"/>
      <line num="153" type="stmt" count="19"/>
      <line num="154" type="stmt" count="19"/>
      <line num="155" type="stmt" count="19"/>
      <line num="157" type="stmt" count="56"/>
      <line num="158" type="stmt" count="56"/>
      <line num="159" type="stmt" count="56"/>
      <line num="160" type="stmt" count="56"/>
      <line num="161" type="stmt" count="56"/>
      <metrics loc="163" ncloc="163" classes="1" methods="18" coveredmethods="17" conditionals="0" coveredconditionals="0" statements="70" coveredstatements="68" elements="88" coveredelements="85"/>
    </file>
    <file name="/var/www/packages/laravel-serializer/src/Service/MetadataService/MetadataServiceInterface.php">
      <metrics loc="10" ncloc="10" classes="0" methods="0" coveredmethods="0" conditionals="0" coveredconditionals="0" statements="0" coveredstatements="0" elements="0" coveredelements="0"/>
    </file>
    <file name="/var/www/packages/laravel-serializer/src/Service/Serializer/DefaultSerializer.php">
      <class name="Gianfriaur\Serializer\Service\Serializer\DefaultSerializer" namespace="global">
        <metrics complexity="46" methods="22" coveredmethods="18" conditionals="0" coveredconditionals="0" statements="78" coveredstatements="57" elements="100" coveredelements="75"/>
      </class>
      <line num="41" type="method" name="__construct" visibility="public" complexity="1" crap="1" count="84"/>
      <line num="46" type="stmt" count="84"/>
      <line num="47" type="stmt" count="84"/>
      <line num="48" type="stmt" count="84"/>
      <line num="51" type="method" name="getOptions" visibility="private" complexity="1" crap="1" count="32"/>
      <line num="53" type="stmt" count="32"/>
      <line num="54" type="stmt" count="32"/>
      <line num="55" type="stmt" count="32"/>
      <line num="56" type="stmt" count="32"/>
      <line num="57" type="stmt" count="32"/>
      <line num="58" type="stmt" count="32"/>
      <line num="59" type="stmt" count="32"/>
      <line num="60" type="stmt" count="32"/>
      <line num="61" type="stmt" count="32"/>
      <line num="62" type="stmt" count="32"/>
      <line num="69" type="method" name="setDefaultEngine" visibility="public" complexity="1" crap="1" count="56"/>
      <line num="71" type="stmt" count="56"/>
      <line num="78" type="method" name="getDefaultEngine" visibility="public" complexity="2" crap="2" count="58"/>
      <line num="80" type="stmt" count="58"/>
      <line num="81" type="stmt" count="58"/>
      <line num="82" type="stmt" count="2"/>
      <line num="84" type="stmt" count="56"/>
      <line num="91" type="method" name="setDefaultEngineName" visibility="public" complexity="1" crap="1" count="58"/>
      <line num="93" type="stmt" count="58"/>
      <line num="101" type="method" name="getDefaultEngineName" visibility="public" complexity="1" crap="1" count="34"/>
      <line num="103" type="stmt" count="34"/>
      <line num="110" type="method" name="addEngine" visibility="public" complexity="2" crap="2" count="65"/>
      <line num="112" type="stmt" count="65"/>
      <line num="113" type="stmt" count="1"/>
      <line num="115" type="stmt" count="65"/>
      <line num="122" type="method" name="removeEngine" visibility="public" complexity="2" crap="2" count="4"/>
      <line num="124" type="stmt" count="4"/>
      <line num="125" type="stmt" count="1"/>
      <line num="127" type="stmt" count="3"/>
      <line num="134" type="method" name="getEngines" visibility="public" complexity="1" crap="1" count="71"/>
      <line num="136" type="stmt" count="71"/>
      <line num="144" type="method" name="hasEngine" visibility="public" complexity="1" crap="1" count="66"/>
      <line num="146" type="stmt" count="66"/>
      <line num="154" type="method" name="getEngineByName" visibility="public" complexity="2" crap="2" count="63"/>
      <line num="156" type="stmt" count="63"/>
      <line num="157" type="stmt" count="58"/>
      <line num="165" type="method" name="getEngineByNameOrFail" visibility="public" complexity="2" crap="2" count="60"/>
      <line num="167" type="stmt" count="60"/>
      <line num="168" type="stmt" count="60"/>
      <line num="169" type="stmt" count="3"/>
      <line num="171" type="stmt" count="57"/>
      <line num="178" type="method" name="addMetadataService" visibility="public" complexity="2" crap="2.15" count="58"/>
      <line num="180" type="stmt" count="58"/>
      <line num="181" type="stmt" count="0"/>
      <line num="183" type="stmt" count="58"/>
      <line num="190" type="method" name="removeMetadataService" visibility="public" complexity="1" crap="1" count="2"/>
      <line num="192" type="stmt" count="2"/>
      <line num="193" type="stmt" count="1"/>
      <line num="200" type="method" name="getMetadataServices" visibility="public" complexity="1" crap="1" count="27"/>
      <line num="202" type="stmt" count="27"/>
      <line num="210" type="method" name="hasMetadataService" visibility="public" complexity="1" crap="1" count="63"/>
      <line num="212" type="stmt" count="63"/>
      <line num="221" type="method" name="getMetadataService" visibility="public" complexity="2" crap="2" count="18"/>
      <line num="223" type="stmt" count="18"/>
      <line num="224" type="stmt" count="15"/>
      <line num="226" type="stmt" count="3"/>
      <line num="233" type="method" name="getMetadataServiceOrFail" visibility="public" complexity="2" crap="2" count="4"/>
      <line num="235" type="stmt" count="4"/>
      <line num="236" type="stmt" count="4"/>
      <line num="237" type="stmt" count="2"/>
      <line num="239" type="stmt" count="2"/>
      <line num="242" type="method" name="actualSerialization" visibility="private" complexity="7" crap="56" count="0"/>
      <line num="244" type="stmt" count="0"/>
      <line num="246" type="stmt" count="0"/>
      <line num="247" type="stmt" count="0"/>
      <line num="250" type="stmt" count="0"/>
      <line num="251" type="stmt" count="0"/>
      <line num="252" type="stmt" count="0"/>
      <line num="254" type="stmt" count="0"/>
      <line num="257" type="stmt" count="0"/>
      <line num="260" type="stmt" count="0"/>
      <line num="262" type="stmt" count="0"/>
      <line num="263" type="stmt" count="0"/>
      <line num="266" type="stmt" count="0"/>
      <line num="269" type="method" name="clearArray" visibility="private" complexity="6" crap="42" count="0"/>
      <line num="272" type="stmt" count="0"/>
      <line num="273" type="stmt" count="0"/>
      <line num="274" type="stmt" count="0"/>
      <line num="278" type="stmt" count="0"/>
      <line num="279" type="stmt" count="0"/>
      <line num="280" type="stmt" count="0"/>
      <line num="284" type="stmt" count="0"/>
      <line num="297" type="method" name="serialize" visibility="public" complexity="2" crap="2" count="32"/>
      <line num="299" type="stmt" count="32"/>
      <line num="301" type="stmt" count="32"/>
      <line num="303" type="stmt" count="32"/>
      <line num="314" type="method" name="getObjectSerializationMetadata" visibility="public" complexity="5" crap="5.05" count="26"/>
      <line num="316" type="stmt" count="26"/>
      <line num="317" type="stmt" count="24"/>
      <line num="318" type="stmt" count="12"/>
      <line num="319" type="stmt" count="24"/>
      <line num="321" type="stmt" count="24"/>
      <line num="322" type="stmt" count="24"/>
      <line num="323" type="stmt" count="24"/>
      <line num="327" type="stmt" count="0"/>
      <metrics loc="330" ncloc="230" classes="1" methods="22" coveredmethods="18" conditionals="0" coveredconditionals="0" statements="78" coveredstatements="57" elements="100" coveredelements="75"/>
    </file>
    <file name="/var/www/packages/laravel-serializer/src/Service/Serializer/SerializerInterface.php">
      <metrics loc="84" ncloc="48" classes="0" methods="0" coveredmethods="0" conditionals="0" coveredconditionals="0" statements="0" coveredstatements="0" elements="0" coveredelements="0"/>
    </file>
    <file name="/var/www/packages/laravel-serializer/src/ServiceProvider/ServicesProvider.php">
      <class name="Gianfriaur\Serializer\ServiceProvider\ServicesProvider" namespace="global">
        <metrics complexity="7" methods="4" coveredmethods="0" conditionals="0" coveredconditionals="0" statements="16" coveredstatements="0" elements="20" coveredelements="0"/>
      </class>
      <line num="17" type="method" name="register" visibility="public" complexity="1" crap="2" count="0"/>
      <line num="19" type="stmt" count="0"/>
      <line num="20" type="stmt" count="0"/>
      <line num="21" type="stmt" count="0"/>
      <line num="22" type="stmt" count="0"/>
      <line num="23" type="stmt" count="0"/>
      <line num="24" type="stmt" count="0"/>
      <line num="25" type="stmt" count="0"/>
      <line num="26" type="stmt" count="0"/>
      <line num="32" type="method" name="getGenericServiceDefinition" visibility="private" complexity="2" crap="6" count="0"/>
      <line num="34" type="stmt" count="0"/>
      <line num="35" type="stmt" count="0"/>
      <line num="36" type="stmt" count="0"/>
      <line num="37" type="stmt" count="0"/>
      <line num="43" type="method" name="getConfig" visibility="private" complexity="3" crap="12" count="0"/>
      <line num="45" type="stmt" count="0"/>
      <line num="46" type="stmt" count="0"/>
      <line num="48" type="stmt" count="0"/>
      <line num="51" type="method" name="provides" visibility="public" complexity="1" crap="2" count="0"/>
      <line num="54" type="stmt" count="0"/>
      <metrics loc="55" ncloc="48" classes="1" methods="4" coveredmethods="0" conditionals="0" coveredconditionals="0" statements="16" coveredstatements="0" elements="20" coveredelements="0"/>
    </file>
    <metrics files="41" loc="2010" ncloc="1788" classes="31" methods="114" coveredmethods="89" conditionals="0" coveredconditionals="0" statements="580" coveredstatements="415" elements="694" coveredelements="504"/>
  </project>
</coverage>
